no change     /home/ilay.kamai/mambaforge/condabin/conda
no change     /home/ilay.kamai/mambaforge/bin/conda
no change     /home/ilay.kamai/mambaforge/bin/conda-env
no change     /home/ilay.kamai/mambaforge/bin/activate
no change     /home/ilay.kamai/mambaforge/bin/deactivate
no change     /home/ilay.kamai/mambaforge/etc/profile.d/conda.sh
no change     /home/ilay.kamai/mambaforge/etc/fish/conf.d/conda.fish
no change     /home/ilay.kamai/mambaforge/shell/condabin/Conda.psm1
no change     /home/ilay.kamai/mambaforge/shell/condabin/conda-hook.ps1
no change     /home/ilay.kamai/mambaforge/lib/python3.10/site-packages/xontrib/conda.xsh
no change     /home/ilay.kamai/mambaforge/etc/profile.d/conda.csh
modified      /home/ilay.kamai/.bashrc

==> For changes to take effect, close and re-open your current shell. <==

Added mamba to /home/ilay.kamai/.bashrc

==> For changes to take effect, close and re-open your current shell. <==

starting experiments
params {'dropout': 0.1335296994519493, 'lr': 0.004447877019908671, 'pool_every': 3, 'reg': 0.0037125311935656893, 'hidden_dims': [768, 768]} {'betas': (0.9074547592651931, 0.8399910531349177)}
exp1_4
Files already downloaded and verified
Files already downloaded and verified
dataset lengths: 50000, 10000
{'run_name': 'exp1_4', 'out_dir': './results', 'seed': 42, 'device': None, 'bs_train': 128, 'bs_test': 32, 'batches': 100, 'epochs': 100, 'early_stopping': 10, 'checkpoints': None, 'lr': 0.004447877019908671, 'reg': 0.0037125311935656893, 'filters_per_layer': [32], 'layers_per_block': 8, 'pool_every': 2, 'hidden_dims': [768, 768], 'model_type': 'resnet', 'activation_type': 'relu', 'activation_params': {}, 'pooling_type': 'max', 'pooling_params': {'kernel_size': 2}, 'batchnorm': True, 'dropout': 0.1335296994519493, 'bottleneck': False, 'loss_fn': 'cross entropy', 'optimizer': 'Adam', 'hp_optim': {'betas': (0.9074547592651931, 0.8399910531349177)}, 'subset': False}
--- EPOCH 1/100 ---
--- EPOCH 2/100 ---
--- EPOCH 3/100 ---
--- EPOCH 4/100 ---
--- EPOCH 5/100 ---
--- EPOCH 6/100 ---
--- EPOCH 7/100 ---
--- EPOCH 8/100 ---
--- EPOCH 9/100 ---
--- EPOCH 10/100 ---
--- EPOCH 11/100 ---
--- EPOCH 12/100 ---
--- EPOCH 13/100 ---
--- EPOCH 14/100 ---
--- EPOCH 15/100 ---
--- EPOCH 16/100 ---
--- EPOCH 17/100 ---
--- EPOCH 18/100 ---
--- EPOCH 19/100 ---
--- EPOCH 20/100 ---
--- EPOCH 21/100 ---
--- EPOCH 22/100 ---
--- EPOCH 23/100 ---
--- EPOCH 24/100 ---
--- EPOCH 25/100 ---
--- EPOCH 26/100 ---
--- EPOCH 27/100 ---
--- EPOCH 28/100 ---
--- EPOCH 29/100 ---
early stopping!
training finished after 28 epochs
*** Output file ./results/exp1_4_L8_K32.json written
exp1_4
Files already downloaded and verified
Files already downloaded and verified
dataset lengths: 50000, 10000
{'run_name': 'exp1_4', 'out_dir': './results', 'seed': 42, 'device': None, 'bs_train': 128, 'bs_test': 32, 'batches': 100, 'epochs': 100, 'early_stopping': 10, 'checkpoints': None, 'lr': 0.004447877019908671, 'reg': 0.0037125311935656893, 'filters_per_layer': [32], 'layers_per_block': 16, 'pool_every': 4, 'hidden_dims': [768, 768], 'model_type': 'resnet', 'activation_type': 'relu', 'activation_params': {}, 'pooling_type': 'max', 'pooling_params': {'kernel_size': 2}, 'batchnorm': True, 'dropout': 0.1335296994519493, 'bottleneck': False, 'loss_fn': 'cross entropy', 'optimizer': 'Adam', 'hp_optim': {'betas': (0.9074547592651931, 0.8399910531349177)}, 'subset': False}
--- EPOCH 1/100 ---
--- EPOCH 2/100 ---
--- EPOCH 3/100 ---
--- EPOCH 4/100 ---
--- EPOCH 5/100 ---
--- EPOCH 6/100 ---
--- EPOCH 7/100 ---
--- EPOCH 8/100 ---
--- EPOCH 9/100 ---
--- EPOCH 10/100 ---
--- EPOCH 11/100 ---
--- EPOCH 12/100 ---
--- EPOCH 13/100 ---
--- EPOCH 14/100 ---
--- EPOCH 15/100 ---
--- EPOCH 16/100 ---
--- EPOCH 17/100 ---
--- EPOCH 18/100 ---
--- EPOCH 19/100 ---
--- EPOCH 20/100 ---
--- EPOCH 21/100 ---
--- EPOCH 22/100 ---
--- EPOCH 23/100 ---
--- EPOCH 24/100 ---
--- EPOCH 25/100 ---
--- EPOCH 26/100 ---
--- EPOCH 27/100 ---
--- EPOCH 28/100 ---
--- EPOCH 29/100 ---
--- EPOCH 30/100 ---
--- EPOCH 31/100 ---
--- EPOCH 32/100 ---
--- EPOCH 33/100 ---
--- EPOCH 34/100 ---
--- EPOCH 35/100 ---
--- EPOCH 36/100 ---
--- EPOCH 37/100 ---
--- EPOCH 38/100 ---
--- EPOCH 39/100 ---
--- EPOCH 40/100 ---
--- EPOCH 41/100 ---
--- EPOCH 42/100 ---
--- EPOCH 43/100 ---
--- EPOCH 44/100 ---
--- EPOCH 45/100 ---
--- EPOCH 46/100 ---
--- EPOCH 47/100 ---
--- EPOCH 48/100 ---
--- EPOCH 49/100 ---
--- EPOCH 50/100 ---
--- EPOCH 51/100 ---
--- EPOCH 52/100 ---
--- EPOCH 53/100 ---
--- EPOCH 54/100 ---
--- EPOCH 55/100 ---
--- EPOCH 56/100 ---
--- EPOCH 57/100 ---
--- EPOCH 58/100 ---
--- EPOCH 59/100 ---
--- EPOCH 60/100 ---
early stopping!
training finished after 59 epochs
*** Output file ./results/exp1_4_L16_K32.json written
exp1_4
Files already downloaded and verified
Files already downloaded and verified
dataset lengths: 50000, 10000
{'run_name': 'exp1_4', 'out_dir': './results', 'seed': 42, 'device': None, 'bs_train': 128, 'bs_test': 32, 'batches': 100, 'epochs': 100, 'early_stopping': 10, 'checkpoints': None, 'lr': 0.004447877019908671, 'reg': 0.0037125311935656893, 'filters_per_layer': [32], 'layers_per_block': 32, 'pool_every': 8, 'hidden_dims': [768, 768], 'model_type': 'resnet', 'activation_type': 'relu', 'activation_params': {}, 'pooling_type': 'max', 'pooling_params': {'kernel_size': 2}, 'batchnorm': True, 'dropout': 0.1335296994519493, 'bottleneck': False, 'loss_fn': 'cross entropy', 'optimizer': 'Adam', 'hp_optim': {'betas': (0.9074547592651931, 0.8399910531349177)}, 'subset': False}
--- EPOCH 1/100 ---
--- EPOCH 2/100 ---
--- EPOCH 3/100 ---
--- EPOCH 4/100 ---
--- EPOCH 5/100 ---
--- EPOCH 6/100 ---
--- EPOCH 7/100 ---
--- EPOCH 8/100 ---
--- EPOCH 9/100 ---
--- EPOCH 10/100 ---
--- EPOCH 11/100 ---
--- EPOCH 12/100 ---
--- EPOCH 13/100 ---
--- EPOCH 14/100 ---
--- EPOCH 15/100 ---
--- EPOCH 16/100 ---
--- EPOCH 17/100 ---
--- EPOCH 18/100 ---
--- EPOCH 19/100 ---
--- EPOCH 20/100 ---
--- EPOCH 21/100 ---
--- EPOCH 22/100 ---
--- EPOCH 23/100 ---
--- EPOCH 24/100 ---
--- EPOCH 25/100 ---
--- EPOCH 26/100 ---
--- EPOCH 27/100 ---
--- EPOCH 28/100 ---
--- EPOCH 29/100 ---
--- EPOCH 30/100 ---
--- EPOCH 31/100 ---
--- EPOCH 32/100 ---
--- EPOCH 33/100 ---
--- EPOCH 34/100 ---
--- EPOCH 35/100 ---
--- EPOCH 36/100 ---
--- EPOCH 37/100 ---
--- EPOCH 38/100 ---
--- EPOCH 39/100 ---
--- EPOCH 40/100 ---
--- EPOCH 41/100 ---
--- EPOCH 42/100 ---
--- EPOCH 43/100 ---
--- EPOCH 44/100 ---
early stopping!
training finished after 43 epochs
*** Output file ./results/exp1_4_L32_K32.json written
exp1_4
Files already downloaded and verified
Files already downloaded and verified
dataset lengths: 50000, 10000
{'run_name': 'exp1_4', 'out_dir': './results', 'seed': 42, 'device': None, 'bs_train': 128, 'bs_test': 32, 'batches': 100, 'epochs': 100, 'early_stopping': 10, 'checkpoints': None, 'lr': 0.004447877019908671, 'reg': 0.0037125311935656893, 'filters_per_layer': [64, 128, 256], 'layers_per_block': 2, 'pool_every': 2, 'hidden_dims': [768, 768], 'model_type': 'resnet', 'activation_type': 'relu', 'activation_params': {}, 'pooling_type': 'max', 'pooling_params': {'kernel_size': 2}, 'batchnorm': True, 'dropout': 0.1335296994519493, 'bottleneck': False, 'loss_fn': 'cross entropy', 'optimizer': 'Adam', 'hp_optim': {'betas': (0.9074547592651931, 0.8399910531349177)}, 'subset': False}
--- EPOCH 1/100 ---
--- EPOCH 2/100 ---
--- EPOCH 3/100 ---
--- EPOCH 4/100 ---
--- EPOCH 5/100 ---
--- EPOCH 6/100 ---
--- EPOCH 7/100 ---
--- EPOCH 8/100 ---
--- EPOCH 9/100 ---
--- EPOCH 10/100 ---
--- EPOCH 11/100 ---
--- EPOCH 12/100 ---
--- EPOCH 13/100 ---
--- EPOCH 14/100 ---
--- EPOCH 15/100 ---
--- EPOCH 16/100 ---
--- EPOCH 17/100 ---
--- EPOCH 18/100 ---
--- EPOCH 19/100 ---
--- EPOCH 20/100 ---
--- EPOCH 21/100 ---
--- EPOCH 22/100 ---
--- EPOCH 23/100 ---
--- EPOCH 24/100 ---
--- EPOCH 25/100 ---
--- EPOCH 26/100 ---
--- EPOCH 27/100 ---
--- EPOCH 28/100 ---
--- EPOCH 29/100 ---
--- EPOCH 30/100 ---
--- EPOCH 31/100 ---
--- EPOCH 32/100 ---
--- EPOCH 33/100 ---
--- EPOCH 34/100 ---
--- EPOCH 35/100 ---
--- EPOCH 36/100 ---
--- EPOCH 37/100 ---
--- EPOCH 38/100 ---
--- EPOCH 39/100 ---
--- EPOCH 40/100 ---
--- EPOCH 41/100 ---
--- EPOCH 42/100 ---
--- EPOCH 43/100 ---
--- EPOCH 44/100 ---
--- EPOCH 45/100 ---
--- EPOCH 46/100 ---
--- EPOCH 47/100 ---
--- EPOCH 48/100 ---
--- EPOCH 49/100 ---
--- EPOCH 50/100 ---
--- EPOCH 51/100 ---
--- EPOCH 52/100 ---
--- EPOCH 53/100 ---
--- EPOCH 54/100 ---
--- EPOCH 55/100 ---
--- EPOCH 56/100 ---
--- EPOCH 57/100 ---
--- EPOCH 58/100 ---
--- EPOCH 59/100 ---
--- EPOCH 60/100 ---
early stopping!
training finished after 59 epochs
*** Output file ./results/exp1_4_L2_K64-128-256.json written
exp1_4
Files already downloaded and verified
Files already downloaded and verified
dataset lengths: 50000, 10000
{'run_name': 'exp1_4', 'out_dir': './results', 'seed': 42, 'device': None, 'bs_train': 128, 'bs_test': 32, 'batches': 100, 'epochs': 100, 'early_stopping': 10, 'checkpoints': None, 'lr': 0.004447877019908671, 'reg': 0.0037125311935656893, 'filters_per_layer': [64, 128, 256], 'layers_per_block': 4, 'pool_every': 3, 'hidden_dims': [768, 768], 'model_type': 'resnet', 'activation_type': 'relu', 'activation_params': {}, 'pooling_type': 'max', 'pooling_params': {'kernel_size': 2}, 'batchnorm': True, 'dropout': 0.1335296994519493, 'bottleneck': False, 'loss_fn': 'cross entropy', 'optimizer': 'Adam', 'hp_optim': {'betas': (0.9074547592651931, 0.8399910531349177)}, 'subset': False}
--- EPOCH 1/100 ---
--- EPOCH 2/100 ---
--- EPOCH 3/100 ---
--- EPOCH 4/100 ---
--- EPOCH 5/100 ---
--- EPOCH 6/100 ---
--- EPOCH 7/100 ---
--- EPOCH 8/100 ---
--- EPOCH 9/100 ---
--- EPOCH 10/100 ---
--- EPOCH 11/100 ---
--- EPOCH 12/100 ---
--- EPOCH 13/100 ---
--- EPOCH 14/100 ---
--- EPOCH 15/100 ---
--- EPOCH 16/100 ---
--- EPOCH 17/100 ---
--- EPOCH 18/100 ---
--- EPOCH 19/100 ---
--- EPOCH 20/100 ---
--- EPOCH 21/100 ---
--- EPOCH 22/100 ---
--- EPOCH 23/100 ---
--- EPOCH 24/100 ---
--- EPOCH 25/100 ---
--- EPOCH 26/100 ---
--- EPOCH 27/100 ---
--- EPOCH 28/100 ---
--- EPOCH 29/100 ---
--- EPOCH 30/100 ---
--- EPOCH 31/100 ---
--- EPOCH 32/100 ---
--- EPOCH 33/100 ---
--- EPOCH 34/100 ---
--- EPOCH 35/100 ---
--- EPOCH 36/100 ---
early stopping!
training finished after 35 epochs
*** Output file ./results/exp1_4_L4_K64-128-256.json written
exp1_4
Files already downloaded and verified
Files already downloaded and verified
dataset lengths: 50000, 10000
{'run_name': 'exp1_4', 'out_dir': './results', 'seed': 42, 'device': None, 'bs_train': 128, 'bs_test': 32, 'batches': 100, 'epochs': 100, 'early_stopping': 10, 'checkpoints': None, 'lr': 0.004447877019908671, 'reg': 0.0037125311935656893, 'filters_per_layer': [64, 128, 256], 'layers_per_block': 8, 'pool_every': 8, 'hidden_dims': [768, 768], 'model_type': 'resnet', 'activation_type': 'relu', 'activation_params': {}, 'pooling_type': 'max', 'pooling_params': {'kernel_size': 2}, 'batchnorm': True, 'dropout': 0.1335296994519493, 'bottleneck': False, 'loss_fn': 'cross entropy', 'optimizer': 'Adam', 'hp_optim': {'betas': (0.9074547592651931, 0.8399910531349177)}, 'subset': False}
--- EPOCH 1/100 ---
--- EPOCH 2/100 ---
--- EPOCH 3/100 ---
--- EPOCH 4/100 ---
--- EPOCH 5/100 ---
--- EPOCH 6/100 ---
--- EPOCH 7/100 ---
--- EPOCH 8/100 ---
--- EPOCH 9/100 ---
--- EPOCH 10/100 ---
--- EPOCH 11/100 ---
--- EPOCH 12/100 ---
--- EPOCH 13/100 ---
--- EPOCH 14/100 ---
--- EPOCH 15/100 ---
--- EPOCH 16/100 ---
--- EPOCH 17/100 ---
--- EPOCH 18/100 ---
--- EPOCH 19/100 ---
--- EPOCH 20/100 ---
--- EPOCH 21/100 ---
--- EPOCH 22/100 ---
--- EPOCH 23/100 ---
--- EPOCH 24/100 ---
--- EPOCH 25/100 ---
--- EPOCH 26/100 ---
--- EPOCH 27/100 ---
--- EPOCH 28/100 ---
--- EPOCH 29/100 ---
--- EPOCH 30/100 ---
--- EPOCH 31/100 ---
--- EPOCH 32/100 ---
--- EPOCH 33/100 ---
--- EPOCH 34/100 ---
--- EPOCH 35/100 ---
--- EPOCH 36/100 ---
--- EPOCH 37/100 ---
--- EPOCH 38/100 ---
--- EPOCH 39/100 ---
--- EPOCH 40/100 ---
--- EPOCH 41/100 ---
--- EPOCH 42/100 ---
--- EPOCH 43/100 ---
--- EPOCH 44/100 ---
--- EPOCH 45/100 ---
--- EPOCH 46/100 ---
--- EPOCH 47/100 ---
--- EPOCH 48/100 ---
--- EPOCH 49/100 ---
--- EPOCH 50/100 ---
--- EPOCH 51/100 ---
--- EPOCH 52/100 ---
--- EPOCH 53/100 ---
--- EPOCH 54/100 ---
--- EPOCH 55/100 ---
--- EPOCH 56/100 ---
--- EPOCH 57/100 ---
--- EPOCH 58/100 ---
--- EPOCH 59/100 ---
--- EPOCH 60/100 ---
--- EPOCH 61/100 ---
--- EPOCH 62/100 ---
--- EPOCH 63/100 ---
--- EPOCH 64/100 ---
--- EPOCH 65/100 ---
--- EPOCH 66/100 ---
--- EPOCH 67/100 ---
--- EPOCH 68/100 ---
--- EPOCH 69/100 ---
--- EPOCH 70/100 ---
--- EPOCH 71/100 ---
--- EPOCH 72/100 ---
--- EPOCH 73/100 ---
--- EPOCH 74/100 ---
--- EPOCH 75/100 ---
--- EPOCH 76/100 ---
--- EPOCH 77/100 ---
--- EPOCH 78/100 ---
--- EPOCH 79/100 ---
--- EPOCH 80/100 ---
--- EPOCH 81/100 ---
--- EPOCH 82/100 ---
--- EPOCH 83/100 ---
--- EPOCH 84/100 ---
--- EPOCH 85/100 ---
early stopping!
training finished after 84 epochs
*** Output file ./results/exp1_4_L8_K64-128-256.json written
